\BOOKMARK [1][-]{section.1}{\376\377\000U\000v\000o\000d}{}% 1
\BOOKMARK [1][-]{section.2}{\376\377\000P\000r\000e\000g\000l\000e\000d\000\040\000p\000o\000d\000r\000o\001\015\000j\000a}{}% 2
\BOOKMARK [2][-]{subsection.2.1}{\376\377\000J\000a\000v\000n\000i\000\040\000p\000o\000t\000n\000i\001\141\000k\000i\000\040\000p\000r\000o\000m\000e\000t\000\040\000v\000\040\000d\000i\000g\000i\000t\000a\000l\000n\000e\000m\000\040\000o\000k\000o\000l\000j\000u}{section.2}% 3
\BOOKMARK [2][-]{subsection.2.2}{\376\377\000O\000b\000s\000t\000o\000j\000e\001\015\000e\000\040\000r\000e\001\141\000i\000t\000v\000e\000\040\000i\000n\000\040\000n\000j\000i\000h\000o\000v\000e\000\040\000p\000o\000m\000a\000n\000j\000k\000l\000j\000i\000v\000o\000s\000t\000i}{section.2}% 4
\BOOKMARK [2][-]{subsection.2.3}{\376\377\000T\000e\000h\000n\000i\001\015\000n\000i\000\040\000s\000t\000a\000n\000d\000a\000r\000d\000i\000\040\000i\000n\000\040\000p\000r\000o\000t\000o\000k\000o\000l\000i}{section.2}% 5
\BOOKMARK [1][-]{section.3}{\376\377\000A\000r\000h\000i\000t\000e\000k\000t\000u\000r\000a\000\040\000a\000p\000l\000i\000k\000a\000c\000i\000j\000e}{}% 6
\BOOKMARK [2][-]{subsection.3.1}{\376\377\000P\000r\000e\000g\000l\000e\000d\000\040\000a\000r\000h\000i\000t\000e\000k\000t\000u\000r\000n\000e\000\040\000z\000a\000s\000n\000o\000v\000e}{section.3}% 7
\BOOKMARK [2][-]{subsection.3.2}{\376\377\000O\000d\000j\000e\000m\000a\000l\000s\000k\000a\000\040\000s\000t\000r\000a\000n\000\040\040\023\000\040\000R\000e\000a\000c\000t\000\040\000S\000P\000A}{section.3}% 8
\BOOKMARK [2][-]{subsection.3.3}{\376\377\000S\000t\000r\000e\001\176\000n\000i\001\141\000k\000a\000\040\000p\000l\000a\000s\000t\000\040\040\023\000\040\000V\000e\000r\000c\000e\000l\000\040\000b\000r\000e\000z\000s\000t\000r\000e\001\176\000n\000i\001\141\000k\000e\000\040\000f\000u\000n\000k\000c\000i\000j\000e}{section.3}% 9
\BOOKMARK [2][-]{subsection.3.4}{\376\377\000U\000p\000r\000a\000v\000l\000j\000a\000n\000j\000e\000\040\000s\000t\000a\000n\000j\000a\000\040\000a\000p\000l\000i\000k\000a\000c\000i\000j\000e}{section.3}% 10
\BOOKMARK [1][-]{section.4}{\376\377\000P\000o\000d\000a\000t\000k\000o\000v\000n\000i\000\040\000s\000l\000o\000j\000\040\040\023\000\040\000m\000o\000d\000u\000l\000\040\000A\000p\000i\000.\000j\000s\000x}{}% 11
\BOOKMARK [2][-]{subsection.4.1}{\376\377\000P\000r\000e\000g\000l\000e\000d\000\040\000m\000o\000d\000u\000l\000a}{section.4}% 12
\BOOKMARK [2][-]{subsection.4.2}{\376\377\000M\000e\000h\000a\000n\000i\000z\000e\000m\000\040\000p\000r\000e\000d\000p\000o\000m\000n\000j\000e\000n\000j\000a}{section.4}% 13
\BOOKMARK [2][-]{subsection.4.3}{\376\377\000N\000o\000r\000m\000a\000l\000i\000z\000a\000c\000i\000j\000a\000\040\000p\000r\000i\000h\000o\000d\000o\000v}{section.4}% 14
\BOOKMARK [2][-]{subsection.4.4}{\376\377\000P\000r\000i\000d\000o\000b\000i\000v\000a\000n\000j\000e\000\040\000p\000o\000l\000o\001\176\000a\000j\000e\000v\000\040\000v\000o\000z\000i\000l}{section.4}% 15
\BOOKMARK [2][-]{subsection.4.5}{\376\377\000S\000l\000e\000d\000e\000n\000j\000e\000\040\000v\000l\000a\000k\000o\000m\000\040\000z\000\040\000i\000n\000t\000e\000r\000p\000o\000l\000a\000c\000i\000j\000o\000\040\000p\000o\000l\000o\001\176\000a\000j\000a}{section.4}% 16
\BOOKMARK [1][-]{section.5}{\376\377\000K\000a\000r\000t\000o\000g\000r\000a\000f\000s\000k\000i\000\040\000p\000r\000i\000k\000a\000z}{}% 17
\BOOKMARK [2][-]{subsection.5.1}{\376\377\000K\000n\000j\000i\001\176\000n\000i\000c\000a\000\040\000M\000a\000p\000L\000i\000b\000r\000e\000\040\000G\000L}{section.5}% 18
\BOOKMARK [2][-]{subsection.5.2}{\376\377\000O\000r\000g\000a\000n\000i\000z\000a\000c\000i\000j\000a\000\040\000s\000l\000o\000j\000a\000\040\000k\000a\000r\000t\000e}{section.5}% 19
\BOOKMARK [2][-]{subsection.5.3}{\376\377\000G\000r\000u\001\015\000e\000\040\000p\000o\000s\000t\000a\000j\000a\000l\000i\001\141\001\015}{section.5}% 20
\BOOKMARK [2][-]{subsection.5.4}{\376\377\000P\000r\000i\000k\000a\000z\000\040\000i\000z\000b\000r\000a\000n\000e\000\040\000p\000o\000t\000i}{section.5}% 21
\BOOKMARK [2][-]{subsection.5.5}{\376\377\000P\000r\000i\000l\000a\000g\000o\000d\000l\000j\000i\000v\000a\000\040\000f\000r\000e\000k\000v\000e\000n\000c\000a\000\040\000o\000s\000v\000e\001\176\000e\000v\000a\000n\000j\000a}{section.5}% 22
\BOOKMARK [1][-]{section.6}{\376\377\000U\000p\000o\000r\000a\000b\000n\000i\001\141\000k\000i\000\040\000v\000m\000e\000s\000n\000i\000k}{}% 23
\BOOKMARK [2][-]{subsection.6.1}{\376\377\000Z\000a\000v\000i\000h\000e\000k\000\040\000P\000o\000s\000t\000a\000j\000e}{section.6}% 24
\BOOKMARK [2][-]{subsection.6.2}{\376\377\000Z\000a\000v\000i\000h\000e\000k\000\040\000L\000i\000n\000i\000j\000e}{section.6}% 25
\BOOKMARK [2][-]{subsection.6.3}{\376\377\000Z\000a\000v\000i\000h\000e\000k\000\040\000N\000a\000s\000t\000a\000v\000i\000t\000v\000e}{section.6}% 26
\BOOKMARK [1][-]{section.7}{\376\377\000I\000z\000z\000i\000v\000i\000\040\000m\000e\000d\000\040\000r\000a\000z\000v\000o\000j\000e\000m\000\040\000i\000n\000\040\000r\000e\001\141\000i\000t\000v\000e}{}% 27
\BOOKMARK [2][-]{subsection.7.1}{\376\377\000N\000e\000u\000j\000e\000m\000a\000n\000j\000e\000\040\000p\000o\000s\000t\000a\000j\000a\000l\000i\001\141\001\015\000\040\000m\000e\000d\000\040\000p\000o\000d\000s\000i\000s\000t\000e\000m\000i}{section.7}% 28
\BOOKMARK [2][-]{subsection.7.2}{\376\377\000H\000e\000t\000e\000r\000o\000g\000e\000n\000o\000s\000t\000\040\000p\000o\000d\000a\000t\000k\000o\000v\000n\000i\000h\000\040\000v\000m\000e\000s\000n\000i\000k\000o\000v}{section.7}% 29
\BOOKMARK [2][-]{subsection.7.3}{\376\377\000D\000i\000n\000a\000m\000i\001\015\000n\000o\000\040\000p\000o\000s\000o\000d\000a\000b\000l\000j\000a\000n\000j\000e\000\040\000U\000R\000L\000-\000j\000a\000\040\000z\000a\000\040\000p\000r\000i\000d\000o\000b\000i\000v\000a\000n\000j\000e\000\040\000p\000o\000l\000o\001\176\000a\000j\000e\000v\000\040\000v\000l\000a\000k\000o\000v}{section.7}% 30
\BOOKMARK [2][-]{subsection.7.4}{\376\377\000D\000e\000k\000o\000d\000i\000r\000a\000n\000j\000e\000\040\000p\000o\000t\000i\000\040\000v\000l\000a\000k\000o\000v}{section.7}% 31
\BOOKMARK [1][-]{section.8}{\376\377\000N\000a\000m\000e\000s\000t\000i\000t\000e\000v\000\040\000i\000n\000\040\000g\000o\000s\000t\000o\000v\000a\000n\000j\000e}{}% 32
\BOOKMARK [2][-]{subsection.8.1}{\376\377\000O\000r\000o\000d\000j\000e\000\040\000z\000a\000\040\000g\000r\000a\000d\000n\000j\000o\000\040\000V\000i\000t\000e}{section.8}% 33
\BOOKMARK [2][-]{subsection.8.2}{\376\377\000P\000r\000o\000g\000r\000e\000s\000i\000v\000n\000a\000\040\000s\000p\000l\000e\000t\000n\000a\000\040\000a\000p\000l\000i\000k\000a\000c\000i\000j\000a}{section.8}% 34
\BOOKMARK [2][-]{subsection.8.3}{\376\377\000K\000o\000n\000t\000i\000n\000u\000i\000r\000a\000n\000o\000\040\000n\000a\000m\000e\001\141\001\015\000a\000n\000j\000e}{section.8}% 35
\BOOKMARK [1][-]{section.9}{\376\377\000Z\000a\000k\000l\000j\000u\001\015\000e\000k}{}% 36
\BOOKMARK [1][-]{section.10}{\376\377\000V\000i\000r\000i\000\040\000i\000n\000\040\000l\000i\000t\000e\000r\000a\000t\000u\000r\000a}{}% 37
